<?xml version="1.0" encoding="UTF-8"?>
<testsuite name="com.example.ApplicationTest" tests="1" skipped="0" failures="0" errors="0" timestamp="2022-03-01T13:08:30" hostname="ARTHUR" time="1.022">
  <properties/>
  <testcase name="testRoot" classname="com.example.ApplicationTest" time="1.022"/>
  <system-out><![CDATA[2022-03-01 10:08:31.471 [Test worker] INFO  ktor.test - Autoreload is disabled because the development mode is off.
2022-03-01 10:08:31.497 [Test worker] INFO  ktor.test - Application started in 0.169 seconds.
]]></system-out>
  <system-err><![CDATA[]]></system-err>
</testsuite>
