<?xml version="1.0" encoding="UTF-8"?>
<testsuite name="com.example.ApplicationTest" tests="1" skipped="0" failures="0" errors="0" timestamp="2022-03-01T12:57:34" hostname="ARTHUR" time="0.518">
  <properties/>
  <testcase name="testRoot" classname="com.example.ApplicationTest" time="0.518"/>
  <system-out><![CDATA[2022-03-01 09:57:34.566 [Test worker] INFO  ktor.test - Autoreload is disabled because the development mode is off.
2022-03-01 09:57:34.581 [Test worker] INFO  ktor.test - Application started in 0.078 seconds.
]]></system-out>
  <system-err><![CDATA[]]></system-err>
</testsuite>
